GAMS 28.1.0  r5b48834 Released Aug  2, 2019 WEX-WEI x86 64bit/MS Windows 09/10/19 23:16:48 Page 1
G e n e r a l   A l g e b r a i c   M o d e l i n g   S y s t e m
C o m p i l a t i o n


   1
   2  *------------------------SETS---------------------------------------------
      ------
   3  set N "Superstructure units" /1*5/;
   4  set I "Chemical components" /A,B/;
   5  alias(N,N1);
   6
   7  *-----------------------PARAMETERS AND SCALARS----------------------------
      ------
   8  ***Kinetic parameters
   9  scalar m1 "Partial order of reaction 1 []" /1/;
  10  scalar m2 "Partial order of reaction 2 []" /1/;
  11  scalar k "kientic constant [L/(mol*s)]"/2/;
  12  ***Feed parameters
  13  scalar QF0 "Inlet volumetric flow [L/s]" /1/;
  14  parameter C0(i) "Initial concentration of reagents [mol/L]"
  15  /
  16  A 0.99
  17  B 0.01
  18  /
  19  ;
  20  parameter F0(i) "Inlet molar flow [mol/s]";
  21  F0(i)=C0(i)*QF0;
  22
  23  *-----------------------BINARY VARIABLES AND CONSTRAINTS------------------
      ------
  24  ***Independent binary variables
  25  binary variable yf(n) "Location of the last reactor (feed reactor) in the
      sueprstructure";
  26  binary variable yr(n) "Location of the recycle flow";
  27  ***Dependent binary variables
  28  positive variable yp(n) "Unit operation. 1: Reaction. 0: Simple input-outp
      ut";
  29  equation defyp(n) "Definition of yp(n) in terms of the independent bianry
      terms";
  30  defyp(n)..yp(n)=e=1-(sum(n1$(ord(n1) <= ord(n)),yf(n1))-yf(n));
  31  ***Logical constraints
  32  equations logic1 "There is only one 'final' reactor in the superstructure"
      ;
  33  equation logic2   "There is only one recycle location";
  34  equation logic3(n) "The recycle can be located at n if there is a reaction
       operation";
  35  logic1..sum(n,yf(n))=e=1;
  36  logic2..sum(n,yr(n))=e=1;
  37  logic3(n)..yr(n)=l=yp(n);
  38
  39  *-----------------------REAL VARIABLES------------------------------------
      ------
  40  ***Network variables
  41  positive variable Q(n) "Outlet flow rate of the superstricture unit [L/s]"
      ;
  42  positive variable F(i,n) "Molar flow [mol/s]";
  43  variable  rate(i,n) "Reaction rate [mol/(L*s)]";
  44  positive variable V(n) "Reactor volume [L]";
  45  ***Splitter variables
  46  positive variable QR "Recycle flow rate  [L/s]";
  47  positive variable QP "Product flow rate  [L/s]";
  48  positive variable R(i) "Recycle molar flow [mol/s]";
  49  positive variable P(i) "Product molar flow [mol/s]";
  50
  51  *-----------------------SUPERSTRUCTURE CONSTRAINTS------------------------
      ------
  52
  53  ***Kinetic constraints
  54  equation net_rate(i,n) "Reactor Network: Reaction rates";
  55  net_rate(i,n)..(rate('A',n)*((Q(n))**m1)*((Q(n))**m2)+k*((F('A',n))**m1)*(
      (F('B',n))**m2))$(ord(i) eq 1)+(rate('B',n)+rate('A',n))$(ord(i) eq 2)=e=0
      ;
  56
  57  ***Network constraints
  58  equation net_comp(i,n) "Reactor Network: Component molar balance";
  59  equation net_cont(n) "Reactor Network: continuity equation";
  60  net_comp(i,n)$(ord(n) ne card(n))..F(i,n+1)+yr(n)*R(i)-F(i,n)+yp(n)*rate(i
      ,n)*V(n)=e=0;
  61  net_cont(n)$(ord(n) ne card(n))..Q(n+1)+yr(n)*QR-Q(n)=e=0;
  62
  63
  64  ***Feed unit constraints
  65  equation feed_comp(i,n) "Feed unit: Component molar balance";
  66  equation feed_cont(n) "Feed unit: continuity equation";
  67  feed_comp(i,n)$(ord(n) eq card(n))..F0(i)+yr(n)*R(i)-F(i,n)+yp(n)*rate(i,n
      )*V(n)=e=0;
  68  feed_cont(n)$(ord(n) eq card(n))..QF0+yr(n)*QR-Q(n)=e=0;
  69
  70  ***Splitter constraints
  71  equation spl_comp(i) "Splitter: Component molar balance";
  72  equation spl_cont "Splitter: continuity equation";
  73  equation spl_ad(i) "Splitter: additional splitter constraints";
  74  spl_comp(i)..F(i,'1')-P(i)-R(i)=e=0;
  75  spl_cont..Q('1')-QP-QR=e=0;
  76  spl_ad(i)..P(i)*Q('1')-F(i,'1')*QP=e=0;
  77
  78  *---------------------VOLUMEN CONSTRAINT----------------------------------
      ------
  79  equation eqvol(n);
  80  eqvol(n)$(ord(n) ne 1)..V(n)=e=V(n-1);
  81
  82  *---------------------PRODUCT QUALITY CONSTRAINT--------------------------
      ------
  83  equation qual;
  84  qual..QP*0.95=e=P('B');
  85  *----------------------OBJECTIVE FUNCTION---------------------------------
      ------
  86
  87  variables zobj;
  88
  89  equation Fobj;
  90  Fobj..zobj=e=sum(n,V(n)*yp(n));
  91
  92  *-----------------------BOUNDS ON VARIABLES-------------------------------
      ------
  93  Q.up(n)=1e+7;
  94  QR.up=1e+7;
  95  QP.up=1e+7;
  96  R.up(i)=1e+7;
  97  P.up(i)=1e+7;
  98  F.up(i,n)=1e+7;
  99  rate.lo(i,n)=-1e+7;
 100  rate.up(i,n)=1e+7;
 101  V.up(n)=1e+7;
 102  *----------------------VARIABLE INITIALIZATION----------------------------
      ------
 103  yf.l(n)=0;
 104  yr.l(n)=0;
 105  yp.l(n)=0;
 106  Q.l(n)=0;
 107  F.l(i,n)=0;
 108  rate.l(i,n)=0;
 109  V.l(n)=0;
 110  QR.l=0;
 111  QP.l=0;
 112  R.l(i)=0;
 113  P.l(i)=0;
 114  *----------------------SOLUTION-------------------------------------------
      ------
 115  model SUP_CSTR /all/;
 116  *option minlp=baron;
 117  *option reslim=60;
 118  SUP_CSTR.optcr=0;
 119  SUP_CSTR.optca=0;
 120  solve SUP_CSTR using minlp minimizing zobj;
 121  option minlp=baron;
 126  SUP_CSTR.OptFile = 1;
 127  solve SUP_CSTR using minlp minimizing zobj;
 128  *execute_unload "BARON"
 129
 130
 131
 132
 133


COMPILATION TIME     =        0.000 SECONDS      3 MB  28.1.0 r5b48834 WEX-WEI
GAMS 28.1.0  r5b48834 Released Aug  2, 2019 WEX-WEI x86 64bit/MS Windows 09/10/19 23:16:48 Page 2
G e n e r a l   A l g e b r a i c   M o d e l i n g   S y s t e m
Equation Listing    SOLVE SUP_CSTR Using MINLP From line 120


---- defyp  =E=  Definition of yp(n) in terms of the independent bianry terms

defyp(1)..  yp(1) =E= 1 ; (LHS = 0, INFES = 1 ****)

defyp(2)..  yf(1) + yp(2) =E= 1 ; (LHS = 0, INFES = 1 ****)

defyp(3)..  yf(1) + yf(2) + yp(3) =E= 1 ; (LHS = 0, INFES = 1 ****)

REMAINING 2 ENTRIES SKIPPED


---- logic1  =E=  There is only one 'final' reactor in the superstructure

logic1..  yf(1) + yf(2) + yf(3) + yf(4) + yf(5) =E= 1 ; (LHS = 0
     , INFES = 1 ****)


---- logic2  =E=  There is only one recycle location

logic2..  yr(1) + yr(2) + yr(3) + yr(4) + yr(5) =E= 1 ; (LHS = 0
     , INFES = 1 ****)


---- logic3  =L=  The recycle can be located at n if there is a reaction operati
                  on

logic3(1)..  yr(1) - yp(1) =L= 0 ; (LHS = 0)

logic3(2)..  yr(2) - yp(2) =L= 0 ; (LHS = 0)

logic3(3)..  yr(3) - yp(3) =L= 0 ; (LHS = 0)

REMAINING 2 ENTRIES SKIPPED


---- net_rate  =E=  Reactor Network: Reaction rates

net_rate(A,1)..  (0)*Q(1) + (0)*F(A,1) + (0)*F(B,1) + (0)*rate(A,1) =E= 0 ;

      (LHS = 0)

net_rate(A,2)..  (0)*Q(2) + (0)*F(A,2) + (0)*F(B,2) + (0)*rate(A,2) =E= 0 ;

      (LHS = 0)

net_rate(A,3)..  (0)*Q(3) + (0)*F(A,3) + (0)*F(B,3) + (0)*rate(A,3) =E= 0 ;

      (LHS = 0)

REMAINING 7 ENTRIES SKIPPED


---- net_comp  =E=  Reactor Network: Component molar balance

net_comp(A,1)..  (0)*yr(1) + (0)*yp(1) - F(A,1) + F(A,2) + (0)*rate(A,1)

      + (0)*V(1) + (0)*R(A) =E= 0 ; (LHS = 0)

net_comp(A,2)..  (0)*yr(2) + (0)*yp(2) - F(A,2) + F(A,3) + (0)*rate(A,2)

      + (0)*V(2) + (0)*R(A) =E= 0 ; (LHS = 0)

net_comp(A,3)..  (0)*yr(3) + (0)*yp(3) - F(A,3) + F(A,4) + (0)*rate(A,3)

      + (0)*V(3) + (0)*R(A) =E= 0 ; (LHS = 0)

REMAINING 5 ENTRIES SKIPPED


---- net_cont  =E=  Reactor Network: continuity equation

net_cont(1)..  (0)*yr(1) - Q(1) + Q(2) + (0)*QR =E= 0 ; (LHS = 0)

net_cont(2)..  (0)*yr(2) - Q(2) + Q(3) + (0)*QR =E= 0 ; (LHS = 0)

net_cont(3)..  (0)*yr(3) - Q(3) + Q(4) + (0)*QR =E= 0 ; (LHS = 0)

REMAINING ENTRY SKIPPED


---- feed_comp  =E=  Feed unit: Component molar balance

feed_comp(A,5)..  (0)*yr(5) + (0)*yp(5) - F(A,5) + (0)*rate(A,5) + (0)*V(5)

      + (0)*R(A) =E= -0.99 ; (LHS = 0, INFES = 0.99 ****)

feed_comp(B,5)..  (0)*yr(5) + (0)*yp(5) - F(B,5) + (0)*rate(B,5) + (0)*V(5)

      + (0)*R(B) =E= -0.01 ; (LHS = 0, INFES = 0.01 ****)


---- feed_cont  =E=  Feed unit: continuity equation

feed_cont(5)..  (0)*yr(5) - Q(5) + (0)*QR =E= -1 ; (LHS = 0, INFES = 1 ****)


---- spl_comp  =E=  Splitter: Component molar balance

spl_comp(A)..  F(A,1) - R(A) - P(A) =E= 0 ; (LHS = 0)

spl_comp(B)..  F(B,1) - R(B) - P(B) =E= 0 ; (LHS = 0)


---- spl_cont  =E=  Splitter: continuity equation

spl_cont..  Q(1) - QR - QP =E= 0 ; (LHS = 0)


---- spl_ad  =E=  Splitter: additional splitter constraints

spl_ad(A)..  (0)*Q(1) + (0)*F(A,1) + (0)*QP + (0)*P(A) =E= 0 ; (LHS = 0)

spl_ad(B)..  (0)*Q(1) + (0)*F(B,1) + (0)*QP + (0)*P(B) =E= 0 ; (LHS = 0)


---- eqvol  =E=

eqvol(2)..  - V(1) + V(2) =E= 0 ; (LHS = 0)

eqvol(3)..  - V(2) + V(3) =E= 0 ; (LHS = 0)

eqvol(4)..  - V(3) + V(4) =E= 0 ; (LHS = 0)

REMAINING ENTRY SKIPPED


---- qual  =E=

qual..  0.95*QP - P(B) =E= 0 ; (LHS = 0)


---- Fobj  =E=

Fobj..  (0)*yp(1) + (0)*yp(2) + (0)*yp(3) + (0)*yp(4) + (0)*yp(5) + (0)*V(1)

      + (0)*V(2) + (0)*V(3) + (0)*V(4) + (0)*V(5) + zobj =E= 0 ; (LHS = 0)

GAMS 28.1.0  r5b48834 Released Aug  2, 2019 WEX-WEI x86 64bit/MS Windows 09/10/19 23:16:48 Page 3
G e n e r a l   A l g e b r a i c   M o d e l i n g   S y s t e m
Column Listing      SOLVE SUP_CSTR Using MINLP From line 120


---- yf  Location of the last reactor (feed reactor) in the sueprstructure

yf(1)
                (.LO, .L, .UP, .M = 0, 0, 1, 0)
        1       defyp(2)
        1       defyp(3)
        1       defyp(4)
        1       defyp(5)
        1       logic1

yf(2)
                (.LO, .L, .UP, .M = 0, 0, 1, 0)
        1       defyp(3)
        1       defyp(4)
        1       defyp(5)
        1       logic1

yf(3)
                (.LO, .L, .UP, .M = 0, 0, 1, 0)
        1       defyp(4)
        1       defyp(5)
        1       logic1

REMAINING 2 ENTRIES SKIPPED

---- yr  Location of the recycle flow

yr(1)
                (.LO, .L, .UP, .M = 0, 0, 1, 0)
        1       logic2
        1       logic3(1)
       (0)      net_comp(A,1)
       (0)      net_comp(B,1)
       (0)      net_cont(1)

yr(2)
                (.LO, .L, .UP, .M = 0, 0, 1, 0)
        1       logic2
        1       logic3(2)
       (0)      net_comp(A,2)
       (0)      net_comp(B,2)
       (0)      net_cont(2)

yr(3)
                (.LO, .L, .UP, .M = 0, 0, 1, 0)
        1       logic2
        1       logic3(3)
       (0)      net_comp(A,3)
       (0)      net_comp(B,3)
       (0)      net_cont(3)

REMAINING 2 ENTRIES SKIPPED

---- yp  Unit operation. 1: Reaction. 0: Simple input-output

yp(1)
                (.LO, .L, .UP, .M = 0, 0, +INF, 0)
        1       defyp(1)
       -1       logic3(1)
       (0)      net_comp(A,1)
       (0)      net_comp(B,1)
       (0)      Fobj

yp(2)
                (.LO, .L, .UP, .M = 0, 0, +INF, 0)
        1       defyp(2)
       -1       logic3(2)
       (0)      net_comp(A,2)
       (0)      net_comp(B,2)
       (0)      Fobj

yp(3)
                (.LO, .L, .UP, .M = 0, 0, +INF, 0)
        1       defyp(3)
       -1       logic3(3)
       (0)      net_comp(A,3)
       (0)      net_comp(B,3)
       (0)      Fobj

REMAINING 2 ENTRIES SKIPPED

---- Q  Outlet flow rate of the superstricture unit [L/s]

Q(1)
                (.LO, .L, .UP, .M = 0, 0, 10000000, 0)
       (0)      net_rate(A,1)
       -1       net_cont(1)
        1       spl_cont
       (0)      spl_ad(A)
       (0)      spl_ad(B)

Q(2)
                (.LO, .L, .UP, .M = 0, 0, 10000000, 0)
       (0)      net_rate(A,2)
        1       net_cont(1)
       -1       net_cont(2)

Q(3)
                (.LO, .L, .UP, .M = 0, 0, 10000000, 0)
       (0)      net_rate(A,3)
        1       net_cont(2)
       -1       net_cont(3)

REMAINING 2 ENTRIES SKIPPED

---- F  Molar flow [mol/s]

F(A,1)
                (.LO, .L, .UP, .M = 0, 0, 10000000, 0)
       (0)      net_rate(A,1)
       -1       net_comp(A,1)
        1       spl_comp(A)
       (0)      spl_ad(A)

F(A,2)
                (.LO, .L, .UP, .M = 0, 0, 10000000, 0)
       (0)      net_rate(A,2)
        1       net_comp(A,1)
       -1       net_comp(A,2)

F(A,3)
                (.LO, .L, .UP, .M = 0, 0, 10000000, 0)
       (0)      net_rate(A,3)
        1       net_comp(A,2)
       -1       net_comp(A,3)

REMAINING 7 ENTRIES SKIPPED

---- rate  Reaction rate [mol/(L*s)]

rate(A,1)
                (.LO, .L, .UP, .M = -10000000, 0, 10000000, 0)
       (0)      net_rate(A,1)
        1       net_rate(B,1)
       (0)      net_comp(A,1)

rate(A,2)
                (.LO, .L, .UP, .M = -10000000, 0, 10000000, 0)
       (0)      net_rate(A,2)
        1       net_rate(B,2)
       (0)      net_comp(A,2)

rate(A,3)
                (.LO, .L, .UP, .M = -10000000, 0, 10000000, 0)
       (0)      net_rate(A,3)
        1       net_rate(B,3)
       (0)      net_comp(A,3)

REMAINING 7 ENTRIES SKIPPED

---- V  Reactor volume [L]

V(1)
                (.LO, .L, .UP, .M = 0, 0, 10000000, 0)
       (0)      net_comp(A,1)
       (0)      net_comp(B,1)
       -1       eqvol(2)
       (0)      Fobj

V(2)
                (.LO, .L, .UP, .M = 0, 0, 10000000, 0)
       (0)      net_comp(A,2)
       (0)      net_comp(B,2)
        1       eqvol(2)
       -1       eqvol(3)
       (0)      Fobj

V(3)
                (.LO, .L, .UP, .M = 0, 0, 10000000, 0)
       (0)      net_comp(A,3)
       (0)      net_comp(B,3)
        1       eqvol(3)
       -1       eqvol(4)
       (0)      Fobj

REMAINING 2 ENTRIES SKIPPED

---- QR  Recycle flow rate  [L/s]

QR
                (.LO, .L, .UP, .M = 0, 0, 10000000, 0)
       (0)      net_cont(1)
       (0)      net_cont(2)
       (0)      net_cont(3)
       (0)      net_cont(4)
       (0)      feed_cont(5)
       -1       spl_cont


---- QP  Product flow rate  [L/s]

QP
                (.LO, .L, .UP, .M = 0, 0, 10000000, 0)
       -1       spl_cont
       (0)      spl_ad(A)
       (0)      spl_ad(B)
        0.95    qual


---- R  Recycle molar flow [mol/s]

R(A)
                (.LO, .L, .UP, .M = 0, 0, 10000000, 0)
       (0)      net_comp(A,1)
       (0)      net_comp(A,2)
       (0)      net_comp(A,3)
       (0)      net_comp(A,4)
       (0)      feed_comp(A,5)
       -1       spl_comp(A)

R(B)
                (.LO, .L, .UP, .M = 0, 0, 10000000, 0)
       (0)      net_comp(B,1)
       (0)      net_comp(B,2)
       (0)      net_comp(B,3)
       (0)      net_comp(B,4)
       (0)      feed_comp(B,5)
       -1       spl_comp(B)


---- P  Product molar flow [mol/s]

P(A)
                (.LO, .L, .UP, .M = 0, 0, 10000000, 0)
       -1       spl_comp(A)
       (0)      spl_ad(A)

P(B)
                (.LO, .L, .UP, .M = 0, 0, 10000000, 0)
       -1       spl_comp(B)
       (0)      spl_ad(B)
       -1       qual


---- zobj

zobj
                (.LO, .L, .UP, .M = -INF, 0, +INF, 0)
        1       Fobj

GAMS 28.1.0  r5b48834 Released Aug  2, 2019 WEX-WEI x86 64bit/MS Windows 09/10/19 23:16:48 Page 4
G e n e r a l   A l g e b r a i c   M o d e l i n g   S y s t e m
Model Statistics    SOLVE SUP_CSTR Using MINLP From line 120


MODEL STATISTICS

BLOCKS OF EQUATIONS          15     SINGLE EQUATIONS           48
BLOCKS OF VARIABLES          12     SINGLE VARIABLES           52
NON ZERO ELEMENTS           190     NON LINEAR N-Z             98
DERIVATIVE POOL              20     CONSTANT POOL              16
CODE LENGTH                 227     DISCRETE VARIABLES         10


GENERATION TIME      =        0.016 SECONDS      4 MB  28.1.0 r5b48834 WEX-WEI


EXECUTION TIME       =        0.016 SECONDS      4 MB  28.1.0 r5b48834 WEX-WEI
GAMS 28.1.0  r5b48834 Released Aug  2, 2019 WEX-WEI x86 64bit/MS Windows 09/10/19 23:16:48 Page 5
G e n e r a l   A l g e b r a i c   M o d e l i n g   S y s t e m
Solution Report     SOLVE SUP_CSTR Using MINLP From line 120


               S O L V E      S U M M A R Y

     MODEL   SUP_CSTR            OBJECTIVE  zobj
     TYPE    MINLP               DIRECTION  MINIMIZE
     SOLVER  DICOPT              FROM LINE  120

**** SOLVER STATUS     1 Normal Completion
**** MODEL STATUS      2 Locally Optimal
**** OBJECTIVE VALUE                3.0620

 RESOURCE USAGE, LIMIT          0.093      1000.000
 ITERATION COUNT, LIMIT        56    2000000000
 EVALUATION ERRORS              0             0
-------------------------------------------------------------------------------
Dicopt 2         28.1.0 r5b48834 Released Aug 02, 2019 WEI x86 64bit/MS Window
-------------------------------------------------------------------------------
by Aldo Vecchietti, Director del Instituto INGAR,
   CONICET, UTN, Santa Fe, Argentina
by Ignacio E. Grossmann, Chemical Engineering Faculty,
   Carnegie Mellon University, Pittsburgh, PA, USA
-------------------------------------------------------------------------------
CONOPT 3         28.1.0 r5b48834 Released Aug 02, 2019 WEI x86 64bit/MS Window


    C O N O P T 3   version 3.17K
    Copyright (C)   ARKI Consulting and Development A/S
                    Bagsvaerdvej 246 A
                    DK-2880 Bagsvaerd, Denmark


    The model has 52 variables and 48 constraints
    with 190 Jacobian elements, 98 of which are nonlinear.
    The Hessian of the Lagrangian has 15 elements on the diagonal,
    54 elements below the diagonal, and 46 nonlinear variables.

 ** Warning **  The number of nonlinear derivatives equal to zero
                in the initial point is large (= 51 percent).
                A better initial point will probably help the
                optimization.


                   Pre-triangular equations:   1
                   Post-triangular equations:  2
                   Definitional equations:     5


 ** Optimal solution. Reduced gradient less than tolerance.


 CONOPT time Total                            0.093 seconds
   of which: Function evaluations             0.007 =  7.5%
             1st Derivative evaluations       0.000 =  0.0%

--- DICOPT: Relaxed NLP gives integer solution

      The Relaxed NLP gave a solution where all the integer
      variables have integral values. There is no need to
      to continue the search.


---- EQU defyp  Definition of yp(n) in terms of the independent bianry terms

     LOWER     LEVEL     UPPER    MARGINAL

1     1.000     1.000     1.000     0.124
2     1.000     1.000     1.000     0.109
3     1.000     1.000     1.000     0.074
4     1.000     1.000     1.000    -0.014
5     1.000     1.000     1.000    -0.293

                       LOWER     LEVEL     UPPER    MARGINAL

---- EQU logic1         1.000     1.000     1.000     0.124
---- EQU logic2         1.000     1.000     1.000      EPS

  logic1  There is only one 'final' reactor in the superstructure
  logic2  There is only one recycle location

---- EQU logic3  The recycle can be located at n if there is a reaction operatio
                 n

     LOWER     LEVEL     UPPER    MARGINAL

1     -INF     -1.000      .         .
2     -INF     -1.000      .         .
3     -INF     -1.000      .         .
4     -INF     -1.000      .         .
5     -INF       .         .         EPS

---- EQU net_rate  Reactor Network: Reaction rates

       LOWER     LEVEL     UPPER    MARGINAL

A.1      .         .         .        4.253
A.2      .         .         .        2.257
A.3      .         .         .        1.363
A.4      .         .         .        1.090
A.5      .         .         .        1.650
B.1      .         .         .      -11.709
B.2      .         .         .      -12.022
B.3      .         .         .      -12.399
B.4      .         .         .      -12.969
B.5      .         .         .      -14.418

---- EQU net_comp  Reactor Network: Component molar balance

       LOWER     LEVEL     UPPER    MARGINAL

A.1      .         .         .       10.723
A.2      .         .         .       15.175
A.3      .         .         .       17.556
A.4      .         .         .       19.024
B.1      .         .         .       19.120
B.2      .         .         .       19.631
B.3      .         .         .       20.247
B.4      .         .         .       21.177

---- EQU net_cont  Reactor Network: continuity equation

     LOWER     LEVEL     UPPER    MARGINAL

1      .         .         .      -18.700
2      .         .         .      -19.616
3      .         .         .      -20.596
4      .         .         .      -21.735

---- EQU feed_comp  Feed unit: Component molar balance

       LOWER     LEVEL     UPPER    MARGINAL

A.5    -0.990    -0.990    -0.990    20.286
B.5    -0.010    -0.010    -0.010    23.544

---- EQU feed_cont  Feed unit: continuity equation

     LOWER     LEVEL     UPPER    MARGINAL

5    -1.000    -1.000    -1.000   -23.381

---- EQU spl_comp  Splitter: Component molar balance

     LOWER     LEVEL     UPPER    MARGINAL

A      .         .         .       20.286
B      .         .         .       23.544

                       LOWER     LEVEL     UPPER    MARGINAL

---- EQU spl_cont        .         .         .      -23.381

  spl_cont  Splitter: continuity equation

---- EQU spl_ad  Splitter: additional splitter constraints

     LOWER     LEVEL     UPPER    MARGINAL

A      .         .         .       18.449
B      .         .         .        4.892

---- EQU eqvol

     LOWER     LEVEL     UPPER    MARGINAL

2      .         .         .       -0.202
3      .         .         .       -0.380
4      .         .         .       -0.500
5      .         .         .       -0.478

                       LOWER     LEVEL     UPPER    MARGINAL

---- EQU qual            .         .         .      -18.165
---- EQU Fobj            .         .         .        1.000

---- VAR yf  Location of the last reactor (feed reactor) in the sueprstructure

     LOWER     LEVEL     UPPER    MARGINAL

1      .         .        1.000      EPS
2      .         .        1.000     0.109
3      .         .        1.000     0.182
4      .         .        1.000     0.169
5      .        1.000     1.000    -0.124

---- VAR yr  Location of the recycle flow

     LOWER     LEVEL     UPPER    MARGINAL

1      .         .        1.000      EPS
2      .         .        1.000     0.021
3      .         .        1.000     0.048
4      .         .        1.000     0.066
5      .        1.000     1.000      EPS

---- VAR yp  Unit operation. 1: Reaction. 0: Simple input-output

     LOWER     LEVEL     UPPER    MARGINAL

1      .        1.000     +INF       .
2      .        1.000     +INF       .
3      .        1.000     +INF       .
4      .        1.000     +INF       .
5      .        1.000     +INF       .

---- VAR Q  Outlet flow rate of the superstricture unit [L/s]

     LOWER     LEVEL     UPPER    MARGINAL

1      .        1.100 1.0000E+7      .
2      .        1.100 1.0000E+7      .
3      .        1.100 1.0000E+7      .
4      .        1.100 1.0000E+7      .
5      .        1.100 1.0000E+7      .

---- VAR F  Molar flow [mol/s]

       LOWER     LEVEL     UPPER    MARGINAL

A.1      .        0.055 1.0000E+7      .
A.2      .        0.113 1.0000E+7      .
A.3      .        0.226 1.0000E+7      .
A.4      .        0.426 1.0000E+7      .
A.5      .        0.717 1.0000E+7      .
B.1      .        1.045 1.0000E+7      .
B.2      .        0.986 1.0000E+7      .
B.3      .        0.873 1.0000E+7      .
B.4      .        0.673 1.0000E+7      .
B.5      .        0.382 1.0000E+7      .

---- VAR rate  Reaction rate [mol/(L*s)]

       LOWER     LEVEL     UPPER    MARGINAL

A.1 -1.000E+7    -0.095 1.0000E+7      .
A.2 -1.000E+7    -0.185 1.0000E+7      .
A.3 -1.000E+7    -0.327 1.0000E+7      .
A.4 -1.000E+7    -0.475 1.0000E+7      .
A.5 -1.000E+7    -0.454 1.0000E+7      .
B.1 -1.000E+7     0.095 1.0000E+7      .
B.2 -1.000E+7     0.185 1.0000E+7      .
B.3 -1.000E+7     0.327 1.0000E+7      .
B.4 -1.000E+7     0.475 1.0000E+7      .
B.5 -1.000E+7     0.454 1.0000E+7      .

---- VAR V  Reactor volume [L]

     LOWER     LEVEL     UPPER    MARGINAL

1      .        0.612 1.0000E+7      .
2      .        0.612 1.0000E+7      .
3      .        0.612 1.0000E+7      .
4      .        0.612 1.0000E+7      .
5      .        0.612 1.0000E+7      .

                       LOWER     LEVEL     UPPER    MARGINAL

---- VAR QR              .        0.100 1.0000E+7 8.0462E-8
---- VAR QP              .        1.000 1.0000E+7      .

  QR  Recycle flow rate  [L/s]
  QP  Product flow rate  [L/s]

---- VAR R  Recycle molar flow [mol/s]

     LOWER     LEVEL     UPPER    MARGINAL

A      .        0.005 1.0000E+7      .
B      .        0.095 1.0000E+7      .

---- VAR P  Product molar flow [mol/s]

     LOWER     LEVEL     UPPER    MARGINAL

A      .        0.050 1.0000E+7      .
B      .        0.950 1.0000E+7      .

                       LOWER     LEVEL     UPPER    MARGINAL

---- VAR zobj           -INF      3.062     +INF       .


**** REPORT SUMMARY :        0     NONOPT
                             0 INFEASIBLE
                             0  UNBOUNDED
                             0     ERRORS
                             1  PROJECTED
GAMS 28.1.0  r5b48834 Released Aug  2, 2019 WEX-WEI x86 64bit/MS Windows 09/10/19 23:16:48 Page 6
G e n e r a l   A l g e b r a i c   M o d e l i n g   S y s t e m
Equation Listing    SOLVE SUP_CSTR Using MINLP From line 127


---- defyp  =E=  Definition of yp(n) in terms of the independent bianry terms

defyp(1)..  yp(1) =E= 1 ; (LHS = 1)

defyp(2)..  yf(1) + yp(2) =E= 1 ; (LHS = 1)

defyp(3)..  yf(1) + yf(2) + yp(3) =E= 1 ; (LHS = 1)

REMAINING 2 ENTRIES SKIPPED


---- logic1  =E=  There is only one 'final' reactor in the superstructure

logic1..  yf(1) + yf(2) + yf(3) + yf(4) + yf(5) =E= 1 ; (LHS = 1)


---- logic2  =E=  There is only one recycle location

logic2..  yr(1) + yr(2) + yr(3) + yr(4) + yr(5) =E= 1 ; (LHS = 1)


---- logic3  =L=  The recycle can be located at n if there is a reaction operati
                  on

logic3(1)..  yr(1) - yp(1) =L= 0 ; (LHS = -1)

logic3(2)..  yr(2) - yp(2) =L= 0 ; (LHS = -1)

logic3(3)..  yr(3) - yp(3) =L= 0 ; (LHS = -1)

REMAINING 2 ENTRIES SKIPPED


---- net_rate  =E=  Reactor Network: Reaction rates

net_rate(A,1)..  - (0.2089212173482)*Q(1) + (2.089212173482)*F(A,1)

      + (0.109958535446421)*F(B,1) + (1.20908795175218)*rate(A,1) =E= 0 ;

      (LHS = 0)

net_rate(A,2)..  - (0.40605032980488)*Q(2) + (1.97285561957207)*F(A,2)

      + (0.226315089356347)*F(B,2) + (1.20908795175218)*rate(A,2) =E= 0 ;

      (LHS = 9.08106922992147E-13, INFES = 9.08106922992147E-13 ****)

net_rate(A,3)..  - (0.718741510317894)*Q(3) + (1.74671000502043)*F(A,3)

      + (0.452460703907986)*F(B,3) + (1.20908795175218)*rate(A,3) =E= 0 ;

      (LHS = 1.81177295388579E-12, INFES = 1.81177295388579E-12 ****)

REMAINING 7 ENTRIES SKIPPED


---- net_comp  =E=  Reactor Network: Component molar balance

net_comp(A,1)..  (0.00497926772321042)*yr(1) - (0.0581782769549631)*yp(1)

      - F(A,1) + F(A,2) + (0.612402915315401)*rate(A,1) - (0.095)*V(1)

      + (0)*R(A) =E= 0 ; (LHS = 0)

net_comp(A,2)..  (0.00497926772321042)*yr(2) - (0.113072807275819)*yp(2)

      - F(A,2) + F(A,3) + (0.612402915315401)*rate(A,2)

      - (0.184637931087549)*V(2) + (0)*R(A) =E= 0 ; (LHS = 0)

net_comp(A,3)..  (0.00497926772321042)*yr(3) - (0.200147898701028)*yp(3)

      - F(A,3) + F(A,4) + (0.612402915315401)*rate(A,3)

      - (0.326823882929995)*V(3) + (0)*R(A) =E= 0 ; (LHS = 0)

REMAINING 5 ENTRIES SKIPPED


---- net_cont  =E=  Reactor Network: continuity equation

net_cont(1)..  (0.0995853544642083)*yr(1) - Q(1) + Q(2) + (0)*QR =E= 0 ;

      (LHS = 0)

net_cont(2)..  (0.0995853544642083)*yr(2) - Q(2) + Q(3) + (0)*QR =E= 0 ;

      (LHS = 0)

net_cont(3)..  (0.0995853544642083)*yr(3) - Q(3) + Q(4) + (0)*QR =E= 0 ;

      (LHS = 0)

REMAINING ENTRY SKIPPED


---- feed_comp  =E=  Feed unit: Component molar balance

feed_comp(A,5)..  (0.00497926772321042)*yr(5) - (0.277828681333122)*yp(5)

      - F(A,5) + (0.612402915315401)*rate(A,5) - (0.453669756274812)*V(5)

      + (1)*R(A) =E= -0.99 ; (LHS = -0.990000000000004)

feed_comp(B,5)..  (0.0946060867409978)*yr(5) + (0.277828681333122)*yp(5)

      - F(B,5) + (0.612402915315401)*rate(B,5) + (0.453669756274812)*V(5)

      + (1)*R(B) =E= -0.01 ; (LHS = -0.00999999999999567)


---- feed_cont  =E=  Feed unit: continuity equation

feed_cont(5)..  (0.0995853544642083)*yr(5) - Q(5) + (1)*QR =E= -1 ; (LHS = -1)


---- spl_comp  =E=  Splitter: Component molar balance

spl_comp(A)..  F(A,1) - R(A) - P(A) =E= 0 ; (LHS = 0)

spl_comp(B)..  F(B,1) - R(B) - P(B) =E= 0 ; (LHS = 0)


---- spl_cont  =E=  Splitter: continuity equation

spl_cont..  Q(1) - QR - QP =E= 0 ; (LHS = 0)


---- spl_ad  =E=  Splitter: additional splitter constraints

spl_ad(A)..  (0.05)*Q(1) - (1)*F(A,1) - (0.0549792677232104)*QP

      + (1.09958535446421)*P(A) =E= 0 ; (LHS = 0)

spl_ad(B)..  (0.95)*Q(1) - (1)*F(B,1) - (1.044606086741)*QP

      + (1.09958535446421)*P(B) =E= 0 ; (LHS = 0)


---- eqvol  =E=

eqvol(2)..  - V(1) + V(2) =E= 0 ; (LHS = 0)

eqvol(3)..  - V(2) + V(3) =E= 0 ; (LHS = 0)

eqvol(4)..  - V(3) + V(4) =E= 0 ; (LHS = 0)

REMAINING ENTRY SKIPPED


---- qual  =E=

qual..  0.95*QP - P(B) =E= 0 ; (LHS = 0)


---- Fobj  =E=

Fobj..  - (0.612402915315401)*yp(1) - (0.612402915315401)*yp(2)

      - (0.612402915315401)*yp(3) - (0.612402915315401)*yp(4)

      - (0.612402915315401)*yp(5) - (1)*V(1) - (1)*V(2) - (1)*V(3) - (1)*V(4)

      - (1)*V(5) + zobj =E= 0 ; (LHS = 0)

GAMS 28.1.0  r5b48834 Released Aug  2, 2019 WEX-WEI x86 64bit/MS Windows 09/10/19 23:16:48 Page 7
G e n e r a l   A l g e b r a i c   M o d e l i n g   S y s t e m
Column Listing      SOLVE SUP_CSTR Using MINLP From line 127


---- yf  Location of the last reactor (feed reactor) in the sueprstructure

yf(1)
                (.LO, .L, .UP, .M = 0, 0, 1, EPS)
        1       defyp(2)
        1       defyp(3)
        1       defyp(4)
        1       defyp(5)
        1       logic1

yf(2)
                (.LO, .L, .UP, .M = 0, 0, 1, 0.108604313160466)
        1       defyp(3)
        1       defyp(4)
        1       defyp(5)
        1       logic1

yf(3)
                (.LO, .L, .UP, .M = 0, 0, 1, 0.182351983273609)
        1       defyp(4)
        1       defyp(5)
        1       logic1

REMAINING 2 ENTRIES SKIPPED

---- yr  Location of the recycle flow

yr(1)
                (.LO, .L, .UP, .M = 0, 0, 1, EPS)
        1       logic2
        1       logic3(1)
       (0.005)  net_comp(A,1)
       (0.0946) net_comp(B,1)
       (0.0996) net_cont(1)

yr(2)
                (.LO, .L, .UP, .M = 0, 0, 1, 0.0207674985737445)
        1       logic2
        1       logic3(2)
       (0.005)  net_comp(A,2)
       (0.0946) net_comp(B,2)
       (0.0996) net_cont(2)

yr(3)
                (.LO, .L, .UP, .M = 0, 0, 1, 0.0481300764015251)
        1       logic2
        1       logic3(3)
       (0.005)  net_comp(A,3)
       (0.0946) net_comp(B,3)
       (0.0996) net_cont(3)

REMAINING 2 ENTRIES SKIPPED

---- yp  Unit operation. 1: Reaction. 0: Simple input-output

yp(1)
                (.LO, .L, .UP, .M = 0, 1, +INF, 0)
        1       defyp(1)
       -1       logic3(1)
      (-0.0582) net_comp(A,1)
       (0.0582) net_comp(B,1)
      (-0.6124) Fobj

yp(2)
                (.LO, .L, .UP, .M = 0, 1, +INF, 0)
        1       defyp(2)
       -1       logic3(2)
      (-0.1131) net_comp(A,2)
       (0.1131) net_comp(B,2)
      (-0.6124) Fobj

yp(3)
                (.LO, .L, .UP, .M = 0, 1, +INF, 0)
        1       defyp(3)
       -1       logic3(3)
      (-0.2001) net_comp(A,3)
       (0.2001) net_comp(B,3)
      (-0.6124) Fobj

REMAINING 2 ENTRIES SKIPPED

---- Q  Outlet flow rate of the superstricture unit [L/s]

Q(1)
                (.LO, .L, .UP, .M = 0, 1.09958535446421, 10000000, 0)
      (-0.2089) net_rate(A,1)
       -1       net_cont(1)
        1       spl_cont
       (0.05)   spl_ad(A)
       (0.95)   spl_ad(B)

Q(2)
                (.LO, .L, .UP, .M = 0, 1.09958535446421, 10000000, 0)
      (-0.4061) net_rate(A,2)
        1       net_cont(1)
       -1       net_cont(2)

Q(3)
                (.LO, .L, .UP, .M = 0, 1.09958535446421, 10000000, 0)
      (-0.7187) net_rate(A,3)
        1       net_cont(2)
       -1       net_cont(3)

REMAINING 2 ENTRIES SKIPPED

---- F  Molar flow [mol/s]

F(A,1)
                (.LO, .L, .UP, .M = 0, 0.0549792677232104, 10000000, 0)
       (2.0892) net_rate(A,1)
       -1       net_comp(A,1)
        1       spl_comp(A)
      (-1)      spl_ad(A)

F(A,2)
                (.LO, .L, .UP, .M = 0, 0.113157544678174, 10000000, 0)
       (1.9729) net_rate(A,2)
        1       net_comp(A,1)
       -1       net_comp(A,2)

F(A,3)
                (.LO, .L, .UP, .M = 0, 0.226230351953993, 10000000, 0)
       (1.7467) net_rate(A,3)
        1       net_comp(A,2)
       -1       net_comp(A,3)

REMAINING 7 ENTRIES SKIPPED

---- rate  Reaction rate [mol/(L*s)]

rate(A,1)
                (.LO, .L, .UP, .M = -10000000, -0.095, 10000000, 0)
       (1.2091) net_rate(A,1)
        1       net_rate(B,1)
       (0.6124) net_comp(A,1)

rate(A,2)
                (.LO, .L, .UP, .M = -10000000, -0.184637931087549, 10000000, 0)
       (1.2091) net_rate(A,2)
        1       net_rate(B,2)
       (0.6124) net_comp(A,2)

rate(A,3)
                (.LO, .L, .UP, .M = -10000000, -0.326823882929995, 10000000, 0)
       (1.2091) net_rate(A,3)
        1       net_rate(B,3)
       (0.6124) net_comp(A,3)

REMAINING 7 ENTRIES SKIPPED

---- V  Reactor volume [L]

V(1)
                (.LO, .L, .UP, .M = 0, 0.612402915315401, 10000000, 0)
      (-0.095)  net_comp(A,1)
       (0.095)  net_comp(B,1)
       -1       eqvol(2)
      (-1)      Fobj

V(2)
                (.LO, .L, .UP, .M = 0, 0.612402915315401, 10000000, 0)
      (-0.1846) net_comp(A,2)
       (0.1846) net_comp(B,2)
        1       eqvol(2)
       -1       eqvol(3)
      (-1)      Fobj

V(3)
                (.LO, .L, .UP, .M = 0, 0.612402915315401, 10000000, 0)
      (-0.3268) net_comp(A,3)
       (0.3268) net_comp(B,3)
        1       eqvol(3)
       -1       eqvol(4)
      (-1)      Fobj

REMAINING 2 ENTRIES SKIPPED

---- QR  Recycle flow rate  [L/s]

QR
                (.LO, .L, .UP, .M = 0, 0.0995853544642083, 10000000,
8.04622395378374E-8)
       (0)      net_cont(1)
       (0)      net_cont(2)
       (0)      net_cont(3)
       (0)      net_cont(4)
       (1)      feed_cont(5)
       -1       spl_cont


---- QP  Product flow rate  [L/s]

QP
                (.LO, .L, .UP, .M = 0, 1, 10000000, 0)
       -1       spl_cont
      (-0.055)  spl_ad(A)
      (-1.0446) spl_ad(B)
        0.95    qual


---- R  Recycle molar flow [mol/s]

R(A)
                (.LO, .L, .UP, .M = 0, 0.00497926772321042, 10000000, 0)
       (0)      net_comp(A,1)
       (0)      net_comp(A,2)
       (0)      net_comp(A,3)
       (0)      net_comp(A,4)
       (1)      feed_comp(A,5)
       -1       spl_comp(A)

R(B)
                (.LO, .L, .UP, .M = 0, 0.0946060867409978, 10000000, 0)
       (0)      net_comp(B,1)
       (0)      net_comp(B,2)
       (0)      net_comp(B,3)
       (0)      net_comp(B,4)
       (1)      feed_comp(B,5)
       -1       spl_comp(B)


---- P  Product molar flow [mol/s]

P(A)
                (.LO, .L, .UP, .M = 0, 0.05, 10000000, 0)
       -1       spl_comp(A)
       (1.0996) spl_ad(A)

P(B)
                (.LO, .L, .UP, .M = 0, 0.95, 10000000, 0)
       -1       spl_comp(B)
       (1.0996) spl_ad(B)
       -1       qual


---- zobj

zobj
                (.LO, .L, .UP, .M = -INF, 3.062014576577, +INF, 0)
        1       Fobj

GAMS 28.1.0  r5b48834 Released Aug  2, 2019 WEX-WEI x86 64bit/MS Windows 09/10/19 23:16:48 Page 8
G e n e r a l   A l g e b r a i c   M o d e l i n g   S y s t e m
Model Statistics    SOLVE SUP_CSTR Using MINLP From line 127


MODEL STATISTICS

BLOCKS OF EQUATIONS          15     SINGLE EQUATIONS           48
BLOCKS OF VARIABLES          12     SINGLE VARIABLES           52
NON ZERO ELEMENTS           190     NON LINEAR N-Z             98
DERIVATIVE POOL              20     CONSTANT POOL              16
CODE LENGTH                 227     DISCRETE VARIABLES         10


GENERATION TIME      =        0.015 SECONDS      3 MB  28.1.0 r5b48834 WEX-WEI


EXECUTION TIME       =        0.015 SECONDS      3 MB  28.1.0 r5b48834 WEX-WEI
